<?xml version="1.0" encoding="UTF-8"?>
<testsuite name="one.query.api.tests.hikari.QueryFilterTest" tests="9" skipped="0" failures="0" errors="0" timestamp="2025-10-22T15:05:24" hostname="artur-desktop" time="0.032">
  <properties/>
  <testcase name="Condition filter test (Filter&lt;T&gt;)" classname="one.query.api.tests.hikari.QueryFilterTest" time="0.011"/>
  <testcase name="Condition filter test (Filter&lt;T&gt;...)" classname="one.query.api.tests.hikari.QueryFilterTest" time="0.002"/>
  <testcase name="Condition filter test (Collection&lt;Filter&lt;T&gt;&gt;)" classname="one.query.api.tests.hikari.QueryFilterTest" time="0.001"/>
  <testcase name="Having filter test (Filter&lt;T&gt;)" classname="one.query.api.tests.hikari.QueryFilterTest" time="0.005"/>
  <testcase name="Having filter test (Filter&lt;T&gt;...)" classname="one.query.api.tests.hikari.QueryFilterTest" time="0.002"/>
  <testcase name="Having filter test (Collection&lt;Filter&lt;T&gt;&gt;)" classname="one.query.api.tests.hikari.QueryFilterTest" time="0.003"/>
  <testcase name="Condition filter by test (Condition)" classname="one.query.api.tests.hikari.QueryFilterTest" time="0.001"/>
  <testcase name="Condition filter by test (Condition...)" classname="one.query.api.tests.hikari.QueryFilterTest" time="0.002"/>
  <testcase name="Condition filter by test (Collection&lt;Condition&gt;)" classname="one.query.api.tests.hikari.QueryFilterTest" time="0.002"/>
  <system-out><![CDATA[18:05:24.124 [Test worker] INFO  com.zaxxer.hikari.HikariDataSource - HikariPool-3 - Starting...
18:05:24.130 [Test worker] INFO  com.zaxxer.hikari.pool.HikariPool - HikariPool-3 - Added connection org.postgresql.jdbc.PgConnection@4c57d4a7
18:05:24.130 [Test worker] INFO  com.zaxxer.hikari.HikariDataSource - HikariPool-3 - Start completed.
18:05:24.155 [Test worker] INFO  com.zaxxer.hikari.HikariDataSource - HikariPool-3 - Shutdown initiated...
18:05:24.156 [Test worker] INFO  com.zaxxer.hikari.HikariDataSource - HikariPool-3 - Shutdown completed.
]]></system-out>
  <system-err><![CDATA[]]></system-err>
</testsuite>
